C:\USERS\MY\DESKTOP\OPENGL SHADOW MAPPING\OPENGL SHADOW\BIN\RELEASE\MYGL.EXE
C:\USERS\MY\DESKTOP\OPENGL SHADOW MAPPING\OPENGL SHADOW\BIN\RELEASE\MYGL.PDB
C:\USERS\MY\DESKTOP\OPENGL SHADOW MAPPING\OPENGL SHADOW\MYGL\RELEASE\MAPPING_MULTI_LIGHTS.OBJ
C:\USERS\MY\DESKTOP\OPENGL SHADOW MAPPING\OPENGL SHADOW\MYGL\RELEASE\MYGL.EXE.INTERMEDIATE.MANIFEST
C:\USERS\MY\DESKTOP\OPENGL SHADOW MAPPING\OPENGL SHADOW\MYGL\RELEASE\VC100.PDB
D:\C++ 作业集（分2）\OPENGL SHADOW MAPPING\GNU\BIN\RELEASE\GNU.EXE
D:\C++ 作业集（分2）\OpenGL Shadow Mapping\GNU\Bin\Release\GNU.pdb
D:\C++ 作业集（分2）\OpenGL Shadow Mapping\GNU\mygl\Release\cl.command.1.tlog
D:\C++ 作业集（分2）\OpenGL Shadow Mapping\GNU\mygl\Release\CL.read.1.tlog
D:\C++ 作业集（分2）\OpenGL Shadow Mapping\GNU\mygl\Release\CL.write.1.tlog
D:\C++ 作业集（分2）\OpenGL Shadow Mapping\GNU\mygl\Release\GNU.exe.intermediate.manifest
D:\C++ 作业集（分2）\OPENGL SHADOW MAPPING\GNU\MYGL\RELEASE\GNU.OBJ
D:\C++ 作业集（分2）\OpenGL Shadow Mapping\GNU\mygl\Release\GNU.write.1.tlog
D:\C++ 作业集（分2）\OpenGL Shadow Mapping\GNU\mygl\Release\link.command.1.tlog
D:\C++ 作业集（分2）\OpenGL Shadow Mapping\GNU\mygl\Release\link.read.1.tlog
D:\C++ 作业集（分2）\OpenGL Shadow Mapping\GNU\mygl\Release\link.write.1.tlog
D:\C++ 作业集（分2）\OPENGL SHADOW MAPPING\GNU\MYGL\RELEASE\MAPPING_MULTI_LIGHTS.OBJ
D:\C++ 作业集（分2）\OpenGL Shadow Mapping\GNU\mygl\Release\mt.command.1.tlog
D:\C++ 作业集（分2）\OpenGL Shadow Mapping\GNU\mygl\Release\mt.read.1.tlog
D:\C++ 作业集（分2）\OpenGL Shadow Mapping\GNU\mygl\Release\mt.write.1.tlog
D:\C++ 作业集（分2）\OpenGL Shadow Mapping\GNU\mygl\Release\mygl.exe.intermediate.manifest
D:\C++ 作业集（分2）\OpenGL Shadow Mapping\GNU\mygl\Release\mygl.vcxprojResolveAssemblyReference.cache
D:\C++ 作业集（分2）\OpenGL Shadow Mapping\GNU\mygl\Release\mygl.write.1.tlog
D:\C++ 作业集（分2）\OPENGL SHADOW MAPPING\GNU\MYGL\RELEASE\VC100.PDB
D:\C++ 作业集（分2）\OPENGL SHADOW MAPPING\OPENGL SHADOW\BIN\RELEASE\MYGL.EXE
D:\C++ 作业集（分2）\OPENGL SHADOW MAPPING\OPENGL SHADOW\BIN\RELEASE\MYGL.PDB
D:\C++ 作业集（分2）\OPENGL SHADOW MAPPING\OPENGL SHADOW\MYGL\RELEASE\MAPPING_MULTI_LIGHTS.OBJ
D:\C++ 作业集（分2）\OPENGL SHADOW MAPPING\OPENGL SHADOW\MYGL\RELEASE\MYGL.EXE.INTERMEDIATE.MANIFEST
D:\C++ 作业集（分2）\OPENGL SHADOW MAPPING\OPENGL SHADOW\MYGL\RELEASE\VC100.PDB
D:\C++ 作业集（分2）\OPENGL SHADOW MAPPING\TRY\BIN\RELEASE\MYGL.EXE
D:\C++ 作业集（分2）\OPENGL SHADOW MAPPING\TRY\BIN\RELEASE\MYGL.PDB
D:\C++ 作业集（分2）\OPENGL SHADOW MAPPING\TRY\MYGL\RELEASE\MAPPING_MULTI_LIGHTS.OBJ
D:\C++ 作业集（分2）\OPENGL SHADOW MAPPING\TRY\MYGL\RELEASE\MYGL.EXE.INTERMEDIATE.MANIFEST
D:\C++ 作业集（分2）\OPENGL SHADOW MAPPING\TRY\MYGL\RELEASE\VC100.PDB
